<?xml version="1.0" encoding="UTF-8"?>
<!-- Generated by org.testng.reporters.JUnitReportReporter -->
<testsuite hostname="Nitro5Omar" failures="0" tests="1" name="test.Day2" time="0.003" errors="0" timestamp="19 May 2025 20:15:28 GMT">
  <testcase classname="test.Day2" name="ploan" time="0.003"/>
</testsuite> <!-- test.Day2 -->
