<?xml version="1.0" encoding="UTF-8"?>
<!-- Generated by org.testng.reporters.JUnitReportReporter -->
<testsuite hostname="Nitro5Omar" failures="0" tests="1" name="test.Day1" time="0.008" errors="0" timestamp="14 May 2025 18:02:04 GMT">
  <testcase classname="test.Day1" name="demo" time="0.008"/>
</testsuite> <!-- test.Day1 -->
