<?xml version="1.0" encoding="UTF-8"?>
<!-- Generated by org.testng.reporters.JUnitReportReporter -->
<testsuite hostname="Nitro5Omar" failures="0" tests="3" name="test.Day4" time="0.003" errors="0" timestamp="14 May 2025 18:02:04 GMT">
  <testcase classname="test.Day4" name="WebloginHomeLoan" time="0.001"/>
  <testcase classname="test.Day4" name="MobileLoginHomeLoan" time="0.001"/>
  <testcase classname="test.Day4" name="LoginAPIHomeLoan" time="0.001"/>
</testsuite> <!-- test.Day4 -->
