<?xml version="1.0" encoding="UTF-8"?>
<!-- Generated by org.testng.reporters.JUnitReportReporter -->
<testsuite hostname="Nitro5Omar" failures="0" tests="5" name="test.Day3" time="0.011" errors="0" timestamp="19 May 2025 17:33:50 GMT">
  <testcase classname="test.Day3" name="MobileSignOutCarLoan" time="0.000"/>
  <testcase classname="test.Day3" name="MobileSignOutCarLoan" time="0.006"/>
  <testcase classname="test.Day3" name="WebloginCarLoan" time="0.001"/>
  <testcase classname="test.Day3" name="MobileLoginCarLoan" time="0.001"/>
  <testcase classname="test.Day3" name="MobileSignOutCarLoan" time="0.003"/>
</testsuite> <!-- test.Day3 -->
