<?xml version="1.0" encoding="UTF-8"?>
<!-- Generated by org.testng.reporters.JUnitReportReporter -->
<testsuite hostname="Nitro5Omar" failures="0" tests="1" name="test.Day1" time="0.005" errors="0" timestamp="19 May 2025 17:33:50 GMT">
  <testcase classname="test.Day1" name="demo" time="0.005"/>
</testsuite> <!-- test.Day1 -->
