<?xml version="1.0" encoding="UTF-8"?>
<!-- Generated by org.testng.reporters.JUnitReportReporter -->
<testsuite hostname="Nitro5Omar" failures="0" tests="2" name="test.IntroTestNG" time="0.012" errors="0" timestamp="13 May 2025 23:19:37 GMT">
  <testcase classname="test.IntroTestNG" name="secondTest" time="0.002"/>
  <testcase classname="test.IntroTestNG" name="demo" time="0.010"/>
</testsuite> <!-- test.IntroTestNG -->
